<?xml version="1.0" encoding="UTF-8"?>
<!-- Generated by org.testng.reporters.JUnitReportReporter -->
<testsuite hostname="DESKTOP-SI1UTEJ" failures="0" tests="1" name="TestPractice.PathQueryParams" time="3.152" errors="0" timestamp="2023-08-04T12:11:03 IST" skipped="0">
  <testcase classname="TestPractice.PathQueryParams" name="TestQueryPathPram" time="3.152"/>
</testsuite> <!-- TestPractice.PathQueryParams -->
