<?xml version="1.0" encoding="UTF-8"?>
<!-- Generated by org.testng.reporters.JUnitReportReporter -->
<testsuite hostname="DESKTOP-SI1UTEJ" failures="0" tests="2" name="TestPractice.requiresSite" time="4.526" errors="0" timestamp="2023-08-08T11:55:52 IST" skipped="1">
  <testcase classname="TestPractice.requiresSite" name="CreateReqPOST" time="4.526"/>
  <testcase classname="TestPractice.requiresSite" name="getUserpage2">
    <skipped/>
  </testcase> <!-- getUserpage2 -->
</testsuite> <!-- TestPractice.requiresSite -->
