<?xml version="1.0" encoding="UTF-8"?>
<!-- Generated by org.testng.reporters.JUnitReportReporter -->
<testsuite hostname="DESKTOP-SI1UTEJ" failures="0" tests="1" name="TestPractice.cookiesDemo$Get_cookiesInfo" time="2.614" errors="0" timestamp="2023-08-04T12:45:37 IST" skipped="0">
  <testcase classname="TestPractice.cookiesDemo$Get_cookiesInfo" name="test_Cookies" time="2.614"/>
</testsuite> <!-- TestPractice.cookiesDemo$Get_cookiesInfo -->
