<?xml version="1.0" encoding="UTF-8"?>
<!-- Generated by org.testng.reporters.JUnitReportReporter -->
<testsuite hostname="DESKTOP-SI1UTEJ" failures="0" tests="1" name="Validation.requires" time="2.242" errors="0" timestamp="2023-08-08T16:49:27 IST" skipped="0">
  <testcase classname="Validation.requires" name="getUserpage2" time="2.242"/>
</testsuite> <!-- Validation.requires -->
