<?xml version="1.0" encoding="UTF-8"?>
<!-- Generated by org.testng.reporters.JUnitReportReporter -->
<testsuite hostname="DESKTOP-SI1UTEJ" failures="0" tests="1" name="adequateshop.com.XmlBodyVerify" time="4.581" errors="0" timestamp="2023-08-09T12:16:45 IST" skipped="0">
  <testcase classname="adequateshop.com.XmlBodyVerify" name="Approch2" time="4.581"/>
</testsuite> <!-- adequateshop.com.XmlBodyVerify -->
