<?xml version="1.0" encoding="UTF-8"?>
<!-- Generated by org.testng.reporters.JUnitReportReporter -->
<testsuite hostname="DESKTOP-SI1UTEJ" failures="0" tests="1" name="Validation.MySiteValiadteResponse" time="2.819" errors="0" timestamp="2023-08-04T15:42:49 IST" skipped="0">
  <testcase classname="Validation.MySiteValiadteResponse" name="MyData" time="2.819"/>
</testsuite> <!-- Validation.MySiteValiadteResponse -->
