<?xml version="1.0" encoding="UTF-8"?>
<!-- Generated by org.testng.reporters.JUnitReportReporter -->
<testsuite hostname="DESKTOP-SI1UTEJ" failures="0" tests="1" name="Validation.ValidateResponse" time="2.520" errors="0" timestamp="2023-08-08T19:27:49 IST" skipped="0">
  <testcase classname="Validation.ValidateResponse" name="ValidateSingleTitle" time="2.520"/>
</testsuite> <!-- Validation.ValidateResponse -->
