<?xml version="1.0" encoding="UTF-8"?>
<!-- Generated by org.testng.reporters.JUnitReportReporter -->
<testsuite hostname="DESKTOP-SI1UTEJ" failures="0" tests="1" name="TestPractice.HeadersValidate$Get_HeaderInfo_Validate" time="3.388" errors="0" timestamp="2023-08-04T13:25:51 IST" skipped="0">
  <testcase classname="TestPractice.HeadersValidate$Get_HeaderInfo_Validate" name="test_Headers" time="3.388"/>
</testsuite> <!-- TestPractice.HeadersValidate$Get_HeaderInfo_Validate -->
