<?xml version="1.0" encoding="UTF-8"?>
<!-- Generated by org.testng.reporters.JUnitReportReporter -->
<testsuite hostname="DESKTOP-SI1UTEJ" failures="0" tests="1" name="TestPractice.httpreq" time="3.616" errors="0" timestamp="2023-08-04T19:34:34 IST" skipped="0">
  <testcase classname="TestPractice.httpreq" name="httpRequest" time="3.616"/>
</testsuite> <!-- TestPractice.httpreq -->
