<?xml version="1.0" encoding="UTF-8"?>
<!-- Generated by org.testng.reporters.JUnitReportReporter -->
<testsuite hostname="DESKTOP-SI1UTEJ" failures="0" tests="2" name="SauceDemo.TestCases.LoginWithstandardUser" time="61.068" errors="0" timestamp="2023-08-07T19:11:35 IST" skipped="0">
  <testcase classname="SauceDemo.TestCases.LoginWithstandardUser" name="Standard_user" time="58.963"/>
  <testcase classname="SauceDemo.TestCases.LoginWithstandardUser" name="problem_user" time="2.105"/>
</testsuite> <!-- SauceDemo.TestCases.LoginWithstandardUser -->
